

Microchip MPLAB XC8 Assembler V2.10 build 88905656 
                                                                                               Fri Nov 29 08:18:35 2019

Microchip MPLAB XC8 C Compiler v2.10 (Free license) build 20190730164152 Og1 
     1                           	processor	18F4520
     2                           	fnconf	rparam,??,?,0
     3                           	opt	pw 120
     4                           	opt	flic
     5                           	psect	idataCOMRAM,global,class=CODE,delta=1,noexec
     6                           	psect	smallconst,global,reloc=2,class=SMALLCONST,delta=1,noexec
     7                           	psect	cinit,global,reloc=2,class=CODE,delta=1
     8                           	psect	bssCOMRAM,global,class=COMRAM,space=1,delta=1,noexec
     9                           	psect	dataCOMRAM,global,class=COMRAM,space=1,delta=1,noexec
    10                           	psect	cstackCOMRAM,global,class=COMRAM,space=1,delta=1,noexec
    11                           	psect	text0,global,reloc=2,class=CODE,delta=1
    12                           	psect	text1,global,reloc=2,class=CODE,delta=1
    13                           	psect	text2,global,reloc=2,class=CODE,delta=1
    14                           	psect	text3,global,reloc=2,class=CODE,delta=1
    15                           	psect	text4,global,reloc=2,class=CODE,delta=1
    16                           	psect	intcode,global,reloc=2,class=CODE,delta=1
    17                           	psect	intcode_body,global,reloc=2,class=CODE,delta=1
    18                           	psect	text6,global,reloc=2,class=CODE,delta=1
    19                           	psect	text7,global,reloc=2,class=CODE,delta=1
    20                           	psect	text8,global,reloc=2,class=CODE,delta=1
    21                           	psect	text9,global,reloc=2,class=CODE,delta=1
    22                           	psect	text10,global,reloc=2,class=CODE,delta=1
    23                           	psect	text11,global,reloc=2,class=CODE,delta=1
    24                           	psect	text12,global,reloc=2,class=CODE,delta=1
    25                           	psect	intsave_regs,global,class=BIGRAM,space=1,delta=1,noexec
    26                           	psect	rparam,global,class=COMRAM,space=1,delta=1,noexec
    27                           	psect	temp,global,ovrld,common,class=COMRAM,space=1,delta=1
    28  0000                     
    29                           ; Version 2.10
    30                           ; Generated 31/07/2019 GMT
    31                           ; 
    32                           ; Copyright © 2019, Microchip Technology Inc. and its subsidiaries ("Microchip")
    33                           ; All rights reserved.
    34                           ; 
    35                           ; This software is developed by Microchip Technology Inc. and its subsidiaries ("Microch
      +                          ip").
    36                           ; 
    37                           ; Redistribution and use in source and binary forms, with or without modification, are
    38                           ; permitted provided that the following conditions are met:
    39                           ; 
    40                           ;     1. Redistributions of source code must retain the above copyright notice, this lis
      +                          t of
    41                           ;        conditions and the following disclaimer.
    42                           ; 
    43                           ;     2. Redistributions in binary form must reproduce the above copyright notice, this 
      +                          list
    44                           ;        of conditions and the following disclaimer in the documentation and/or other
    45                           ;        materials provided with the distribution.
    46                           ; 
    47                           ;     3. Microchip's name may not be used to endorse or promote products derived from th
      +                          is
    48                           ;        software without specific prior written permission.
    49                           ; 
    50                           ; THIS SOFTWARE IS PROVIDED BY MICROCHIP "AS IS" AND ANY EXPRESS OR IMPLIED WARRANTIES,
    51                           ; INCLUDING, BUT NOT LIMITED TO, THE IMPLIED WARRANTIES OF MERCHANTABILITY AND FITNESS F
      +                          OR
    52                           ; PURPOSE ARE DISCLAIMED.  IN NO EVENT SHALL MICROCHIP BE LIABLE FOR ANY DIRECT, INDIREC
      +                          T,
    53                           ; INCIDENTAL, SPECIAL, EXEMPLARY, OR CONSEQUENTIAL DAMAGES (INCLUDING BUT NOT LIMITED TO
    54                           ; PROCUREMENT OF SUBSTITUTE GOODS OR SERVICES; LOSS OF USE, DATA OR PROFITS; OR BUSINESS
    55                           ; INTERRUPTION) HOWSOEVER CAUSED AND ON ANY THEORY OF LIABILITY, WHETHER IN CONTRACT, ST
      +                          RICT
    56                           ; LIABILITY, OR TORT (INCLUDING NEGLIGENCE OR OTHERWISE) ARISING IN ANY WAY OUT OF THE U
      +                          SE OF
    57                           ; THIS SOFTWARE, EVEN IF ADVISED OF THE POSSIBILITY OF SUCH DAMAGE.
    58                           ; 
    59                           ; 
    60                           ; Code-generator required, PIC18F4520 Definitions
    61                           ; 
    62                           ; SFR Addresses
    63  0000                     
    64                           	psect	idataCOMRAM
    65  000A36                     __pidataCOMRAM:
    66                           	opt callstack 0
    67                           
    68                           ;initializer for _aluno2
    69  000A36  4D                 	db	77
    70  000A37  61                 	db	97
    71  000A38  72                 	db	114
    72  000A39  69                 	db	105
    73  000A3A  61                 	db	97
    74  000A3B  00                 	db	0
    75  000A3C  00                 	db	0
    76  000A3D  00                 	db	0
    77  000A3E  00                 	db	0
    78  000A3F  00                 	db	0
    79  000A40  0002               	dw	2
    80  000A42  0000               	dw	0
    81  000A44  0000               	dw	0
    82                           
    83                           ;initializer for _aluno1
    84  000A46  4A                 	db	74
    85  000A47  6F                 	db	111
    86  000A48  73                 	db	115
    87  000A49  65                 	db	101
    88  000A4A  00                 	db	0
    89  000A4B  00                 	db	0
    90  000A4C  00                 	db	0
    91  000A4D  00                 	db	0
    92  000A4E  00                 	db	0
    93  000A4F  00                 	db	0
    94  000A50  0001               	dw	1
    95  000A52  0000               	dw	0
    96  000A54  0000               	dw	0
    97  0000                     _TXREG	set	4013
    98  0000                     _PORTBbits	set	3969
    99  0000                     _PORTCbits	set	3970
   100  0000                     _PORTE	set	3972
   101  0000                     _PORTB	set	3969
   102  0000                     _SPBRG	set	4015
   103  0000                     _BAUDCON	set	4024
   104  0000                     _RCSTA	set	4011
   105  0000                     _TXSTA	set	4012
   106  0000                     _ADCON2	set	4032
   107  0000                     _ADCON1	set	4033
   108  0000                     _ADCON0	set	4034
   109  0000                     _T0CON	set	4053
   110  0000                     _INTCON	set	4082
   111  0000                     _OSCCON	set	4051
   112  0000                     _TRISE	set	3990
   113  0000                     _TRISD	set	3989
   114  0000                     _TRISC	set	3988
   115  0000                     _TRISB	set	3987
   116  0000                     _TRISA	set	3986
   117  0000                     _PORTD	set	3971
   118  0000                     _TXIF	set	31988
   119  0000                     _LATA5	set	31821
   120  0000                     _INT1IF	set	32640
   121  0000                     _INT1IE	set	32643
   122  0000                     _INT1IP	set	32646
   123  0000                     _IPEN	set	32391
   124  0000                     _LE0	set	31848
   125  0000                     _LE1	set	31849
   126                           
   127                           	psect	smallconst
   128  000600                     __psmallconst:
   129                           	opt callstack 0
   130  000600  00                 	db	0
   131  000601                     STR_2:
   132  000601  53                 	db	83	;'S'
   133  000602  74                 	db	116	;'t'
   134  000603  61                 	db	97	;'a'
   135  000604  74                 	db	116	;'t'
   136  000605  75                 	db	117	;'u'
   137  000606  73                 	db	115	;'s'
   138  000607  3A                 	db	58	;':'
   139  000608  20                 	db	32
   140  000609  00                 	db	0
   141  00060A                     STR_1:
   142  00060A  41                 	db	65	;'A'
   143  00060B  6C                 	db	108	;'l'
   144  00060C  75                 	db	117	;'u'
   145  00060D  6E                 	db	110	;'n'
   146  00060E  6F                 	db	111	;'o'
   147  00060F  3A                 	db	58	;':'
   148  000610  20                 	db	32
   149  000611  00                 	db	0
   150  000612                     STR_3:
   151  000612  45                 	db	69	;'E'
   152  000613  6E                 	db	110	;'n'
   153  000614  74                 	db	116	;'t'
   154  000615  72                 	db	114	;'r'
   155  000616  6F                 	db	111	;'o'
   156  000617  75                 	db	117	;'u'
   157  000618  00                 	db	0
   158  000619                     STR_4:
   159  000619  53                 	db	83	;'S'
   160  00061A  61                 	db	97	;'a'
   161  00061B  69                 	db	105	;'i'
   162  00061C  75                 	db	117	;'u'
   163  00061D  00                 	db	0
   164                           
   165                           ; #config settings
   166  00061E  00                 	db	0	; dummy byte at the end
   167  0000                     
   168                           	psect	cinit
   169  000A04                     __pcinit:
   170                           	opt callstack 0
   171  000A04                     start_initialization:
   172                           	opt callstack 0
   173  000A04                     __initialization:
   174                           	opt callstack 0
   175                           
   176                           ; Initialize objects allocated to COMRAM (32 bytes)
   177                           ; load TBLPTR registers with __pidataCOMRAM
   178  000A04  0E36               	movlw	low __pidataCOMRAM
   179  000A06  6EF6               	movwf	tblptrl,c
   180  000A08  0E0A               	movlw	high __pidataCOMRAM
   181  000A0A  6EF7               	movwf	tblptrh,c
   182  000A0C  0E00               	movlw	low (__pidataCOMRAM shr (0+16))
   183  000A0E  6EF8               	movwf	tblptru,c
   184  000A10  EE00  F026         	lfsr	0,__pdataCOMRAM
   185  000A14  EE10 F020          	lfsr	1,32
   186  000A18                     copy_data0:
   187  000A18  0009               	tblrd		*+
   188  000A1A  CFF5 FFEE          	movff	tablat,postinc0
   189  000A1E  50E5               	movf	postdec1,w,c
   190  000A20  50E1               	movf	fsr1l,w,c
   191  000A22  E1FA               	bnz	copy_data0
   192                           
   193                           ; Clear objects allocated to COMRAM (2 bytes)
   194  000A24  6A47               	clrf	(__pbssCOMRAM+1)& (0+255),c
   195  000A26  6A46               	clrf	__pbssCOMRAM& (0+255),c
   196  000A28                     end_of_initialization:
   197                           	opt callstack 0
   198  000A28                     __end_of__initialization:
   199                           	opt callstack 0
   200  000A28  9048               	bcf	int$flags,0,c	;clear compiler interrupt flag (level 1)
   201  000A2A  9248               	bcf	int$flags,1,c	;clear compiler interrupt flag (level 2)
   202  000A2C  0E00               	movlw	low (__Lmediumconst shr (0+16))
   203  000A2E  6EF8               	movwf	tblptru,c
   204  000A30  0100               	movlb	0
   205  000A32  EFFA  F003         	goto	_main	;jump to C main() function
   206                           
   207                           	psect	bssCOMRAM
   208  000046                     __pbssCOMRAM:
   209                           	opt callstack 0
   210  000046                     _aux:
   211                           	opt callstack 0
   212  000046                     	ds	2
   213                           
   214                           	psect	dataCOMRAM
   215  000026                     __pdataCOMRAM:
   216                           	opt callstack 0
   217  000026                     _aluno2:
   218                           	opt callstack 0
   219  000026                     	ds	16
   220  000036                     _aluno1:
   221                           	opt callstack 0
   222  000036                     	ds	16
   223                           
   224                           	psect	cstackCOMRAM
   225  000001                     __pcstackCOMRAM:
   226                           	opt callstack 0
   227  000001                     i2lcd_write@c:
   228                           	opt callstack 0
   229                           
   230                           ; 1 bytes @ 0x0
   231  000001                     	ds	1
   232  000002                     ??i2_lcd_clear:
   233  000002                     lcd_goto@pos:
   234                           	opt callstack 0
   235  000002                     lcd_puts@s:
   236                           	opt callstack 0
   237                           
   238                           ; 2 bytes @ 0x1
   239  000002                     	ds	2
   240  000004                     escreve@aluno:
   241                           	opt callstack 0
   242                           
   243                           ; 16 bytes @ 0x3
   244  000004                     	ds	16
   245  000014                     ??_escreve:
   246                           
   247                           ; 1 bytes @ 0x13
   248  000014                     	ds	2
   249  000016                     ??_funcao:
   250                           
   251                           ; 1 bytes @ 0x15
   252  000016                     	ds	1
   253  000017                     ??_int1:
   254                           
   255                           ; 1 bytes @ 0x16
   256  000017                     	ds	10
   257  000021                     lcd_write@c:
   258                           	opt callstack 0
   259                           
   260                           ; 1 bytes @ 0x20
   261  000021                     	ds	1
   262  000022                     ??_lcd_clear:
   263                           
   264                           ; 1 bytes @ 0x21
   265  000022                     	ds	1
   266  000023                     ??_lcd_init:
   267                           
   268                           ; 1 bytes @ 0x22
   269  000023                     	ds	2
   270  000025                     ??_main:
   271                           
   272                           ; 1 bytes @ 0x24
   273  000025                     	ds	1
   274                           
   275 ;;
   276 ;;Main: autosize = 0, tempsize = 1, incstack = 0, save=0
   277 ;;
   278 ;; *************** function _main *****************
   279 ;; Defined at:
   280 ;;		line 39 in file "comunica.c"
   281 ;; Parameters:    Size  Location     Type
   282 ;;		None
   283 ;; Auto vars:     Size  Location     Type
   284 ;;		None
   285 ;; Return value:  Size  Location     Type
   286 ;;                  1    wreg      void 
   287 ;; Registers used:
   288 ;;		wreg, status,2, cstack
   289 ;; Tracked objects:
   290 ;;		On entry : 0/0
   291 ;;		On exit  : 0/0
   292 ;;		Unchanged: 0/0
   293 ;; Data sizes:     COMRAM   BANK0   BANK1   BANK2   BANK3   BANK4   BANK5
   294 ;;      Params:         0       0       0       0       0       0       0
   295 ;;      Locals:         0       0       0       0       0       0       0
   296 ;;      Temps:          1       0       0       0       0       0       0
   297 ;;      Totals:         1       0       0       0       0       0       0
   298 ;;Total ram usage:        1 bytes
   299 ;; Hardware stack levels required when called:    8
   300 ;; This function calls:
   301 ;;		_config
   302 ;;		_lcd_init
   303 ;; This function is called by:
   304 ;;		Startup code after reset
   305 ;; This function uses a non-reentrant model
   306 ;;
   307                           
   308                           	psect	text0
   309  0007F4                     __ptext0:
   310                           	opt callstack 0
   311  0007F4                     _main:
   312                           	opt callstack 23
   313  0007F4                     
   314                           ;comunica.c: 40:     config();
   315  0007F4  ECE0  F004         	call	_config	;wreg free
   316                           
   317                           ;comunica.c: 41:     lcd_init();
   318  0007F8  EC7F  F004         	call	_lcd_init	;wreg free
   319  0007FC                     
   320                           ;comunica.c: 42:     PORTB = 0;
   321  0007FC  0E00               	movlw	0
   322  0007FE  6E81               	movwf	129,c	;volatile
   323  000800                     
   324                           ;comunica.c: 43:     PORTD = 0;
   325  000800  0E00               	movlw	0
   326  000802  6E83               	movwf	131,c	;volatile
   327  000804                     
   328                           ;comunica.c: 44:     PORTE = 0;
   329  000804  0E00               	movlw	0
   330  000806  6E84               	movwf	132,c	;volatile
   331  000808                     l987:
   332                           
   333                           ;comunica.c: 47:         if (!PORTCbits.RC3){
   334  000808  B682               	btfsc	130,3,c	;volatile
   335  00080A  EF09  F004         	goto	u141
   336  00080E  EF0B  F004         	goto	u140
   337  000812                     u141:
   338  000812  EF2A  F004         	goto	l114
   339  000816                     u140:
   340  000816                     
   341                           ;comunica.c: 48:             _delay((unsigned long)((5)*(4000000/4000.0)));
   342  000816  0E07               	movlw	7
   343  000818  6E25               	movwf	??_main^0,c
   344  00081A  0E7D               	movlw	125
   345  00081C                     u437:
   346  00081C  2EE8               	decfsz	wreg,f,c
   347  00081E  D7FE               	bra	u437
   348  000820  2E25               	decfsz	??_main^0,f,c
   349  000822  D7FC               	bra	u437
   350  000824  F000               	nop	
   351  000826                     
   352                           ;comunica.c: 49:             if (!PORTCbits.RC3){
   353  000826  B682               	btfsc	130,3,c	;volatile
   354  000828  EF18  F004         	goto	u151
   355  00082C  EF1A  F004         	goto	u150
   356  000830                     u151:
   357  000830  EF2A  F004         	goto	l114
   358  000834                     u150:
   359  000834                     l116:
   360  000834  A682               	btfss	130,3,c	;volatile
   361  000836  EF1F  F004         	goto	u161
   362  00083A  EF21  F004         	goto	u160
   363  00083E                     u161:
   364  00083E  EF1A  F004         	goto	l116
   365  000842                     u160:
   366  000842                     
   367                           ;comunica.c: 51:                 LATA5 = !LATA5;
   368  000842  AA89               	btfss	3977,5,c	;volatile
   369  000844  EF26  F004         	goto	u171
   370  000848  EF29  F004         	goto	u170
   371  00084C                     u171:
   372  00084C  8A89               	bsf	3977,5,c	;volatile
   373  00084E  EF2A  F004         	goto	u185
   374  000852                     u170:
   375  000852  9A89               	bcf	3977,5,c	;volatile
   376  000854                     u185:
   377  000854                     l114:
   378                           
   379                           ;comunica.c: 54:         if(PORTCbits.RC0 == 1){
   380  000854  A082               	btfss	130,0,c	;volatile
   381  000856  EF2F  F004         	goto	u191
   382  00085A  EF31  F004         	goto	u190
   383  00085E                     u191:
   384  00085E  EF34  F004         	goto	l119
   385  000862                     u190:
   386  000862                     
   387                           ;comunica.c: 55:             PORTBbits.RB0 = 1;
   388  000862  8081               	bsf	129,0,c	;volatile
   389                           
   390                           ;comunica.c: 56:         }else if(PORTCbits.RC0 == 0){
   391  000864  EF04  F004         	goto	l987
   392  000868                     l119:
   393  000868  B082               	btfsc	130,0,c	;volatile
   394  00086A  EF39  F004         	goto	u201
   395  00086E  EF3B  F004         	goto	u200
   396  000872                     u201:
   397  000872  EF04  F004         	goto	l987
   398  000876                     u200:
   399  000876                     
   400                           ;comunica.c: 57:             PORTBbits.RB0 = 0;
   401  000876  9081               	bcf	129,0,c	;volatile
   402  000878  EF04  F004         	goto	l987
   403  00087C  EF07  F000         	goto	start
   404  000880                     __end_of_main:
   405                           	opt callstack 0
   406                           
   407 ;; *************** function _lcd_init *****************
   408 ;; Defined at:
   409 ;;		line 87 in file "lcd.c"
   410 ;; Parameters:    Size  Location     Type
   411 ;;		None
   412 ;; Auto vars:     Size  Location     Type
   413 ;;  init_value      1    0        unsigned char 
   414 ;; Return value:  Size  Location     Type
   415 ;;                  1    wreg      void 
   416 ;; Registers used:
   417 ;;		wreg, status,2, cstack
   418 ;; Tracked objects:
   419 ;;		On entry : 0/0
   420 ;;		On exit  : 0/0
   421 ;;		Unchanged: 0/0
   422 ;; Data sizes:     COMRAM   BANK0   BANK1   BANK2   BANK3   BANK4   BANK5
   423 ;;      Params:         0       0       0       0       0       0       0
   424 ;;      Locals:         1       0       0       0       0       0       0
   425 ;;      Temps:          1       0       0       0       0       0       0
   426 ;;      Totals:         2       0       0       0       0       0       0
   427 ;;Total ram usage:        2 bytes
   428 ;; Hardware stack levels used:    1
   429 ;; Hardware stack levels required when called:    7
   430 ;; This function calls:
   431 ;;		_lcd_clear
   432 ;;		_lcd_write
   433 ;; This function is called by:
   434 ;;		_main
   435 ;; This function uses a non-reentrant model
   436 ;;
   437                           
   438                           	psect	text1
   439  0008FE                     __ptext1:
   440                           	opt callstack 0
   441  0008FE                     _lcd_init:
   442                           	opt callstack 23
   443  0008FE                     
   444                           ;lcd.c: 90:  LE0 = 0;
   445  0008FE  908D               	bcf	3981,0,c	;volatile
   446  000900                     
   447                           ;lcd.c: 91:  LE1 = 0;
   448  000900  928D               	bcf	3981,1,c	;volatile
   449  000902                     
   450                           ;lcd.c: 94:  _delay((unsigned long)((15)*(4000000/4000.0)));
   451  000902  0E14               	movlw	20
   452  000904  6E23               	movwf	??_lcd_init^0,c
   453  000906  0E7A               	movlw	122
   454  000908                     u447:
   455  000908  2EE8               	decfsz	wreg,f,c
   456  00090A  D7FE               	bra	u447
   457  00090C  2E23               	decfsz	??_lcd_init^0,f,c
   458  00090E  D7FC               	bra	u447
   459  000910                     
   460                           ;lcd.c: 95:  PORTD = init_value;
   461  000910  0E03               	movlw	3
   462  000912  6E83               	movwf	131,c	;volatile
   463  000914                     
   464                           ;lcd.c: 96:  ((LE1 = 1),(LE1=0));
   465  000914  828D               	bsf	3981,1,c	;volatile
   466  000916  928D               	bcf	3981,1,c	;volatile
   467  000918                     
   468                           ;lcd.c: 97:  _delay((unsigned long)((5)*(4000000/4000.0)));
   469  000918  0E07               	movlw	7
   470  00091A  6E23               	movwf	??_lcd_init^0,c
   471  00091C  0E7D               	movlw	125
   472  00091E                     u457:
   473  00091E  2EE8               	decfsz	wreg,f,c
   474  000920  D7FE               	bra	u457
   475  000922  2E23               	decfsz	??_lcd_init^0,f,c
   476  000924  D7FC               	bra	u457
   477  000926  F000               	nop	
   478  000928                     
   479                           ;lcd.c: 98:  ((LE1 = 1),(LE1=0));
   480  000928  828D               	bsf	3981,1,c	;volatile
   481  00092A  928D               	bcf	3981,1,c	;volatile
   482  00092C                     
   483                           ;lcd.c: 99:  _delay((unsigned long)((200)*(4000000/4000000.0)));
   484  00092C  0E42               	movlw	66
   485  00092E                     u467:
   486  00092E  2EE8               	decfsz	wreg,f,c
   487  000930  D7FE               	bra	u467
   488  000932  D000               	nop2	
   489  000934                     
   490                           ;lcd.c: 100:  ((LE1 = 1),(LE1=0));
   491  000934  828D               	bsf	3981,1,c	;volatile
   492  000936  928D               	bcf	3981,1,c	;volatile
   493  000938                     
   494                           ;lcd.c: 101:  _delay((unsigned long)((200)*(4000000/4000000.0)));
   495  000938  0E42               	movlw	66
   496  00093A                     u477:
   497  00093A  2EE8               	decfsz	wreg,f,c
   498  00093C  D7FE               	bra	u477
   499  00093E  D000               	nop2	
   500                           
   501                           ;lcd.c: 102:  PORTD = 2;
   502  000940  0E02               	movlw	2
   503  000942  6E83               	movwf	131,c	;volatile
   504  000944                     
   505                           ;lcd.c: 103:  ((LE1 = 1),(LE1=0));
   506  000944  828D               	bsf	3981,1,c	;volatile
   507  000946  928D               	bcf	3981,1,c	;volatile
   508  000948                     
   509                           ;lcd.c: 105:  lcd_write(0x38);
   510  000948  0E38               	movlw	56
   511  00094A  EC43  F005         	call	_lcd_write
   512  00094E                     
   513                           ;lcd.c: 106:  lcd_write(0x06);
   514  00094E  0E06               	movlw	6
   515  000950  EC43  F005         	call	_lcd_write
   516  000954                     
   517                           ;lcd.c: 107:  lcd_write(0x0C);
   518  000954  0E0C               	movlw	12
   519  000956  EC43  F005         	call	_lcd_write
   520  00095A                     
   521                           ;lcd.c: 108:  lcd_clear();
   522  00095A  EC2B  F005         	call	_lcd_clear	;wreg free
   523  00095E  0012               	return		;funcret
   524  000960                     __end_of_lcd_init:
   525                           	opt callstack 0
   526                           
   527 ;; *************** function _lcd_clear *****************
   528 ;; Defined at:
   529 ;;		line 51 in file "lcd.c"
   530 ;; Parameters:    Size  Location     Type
   531 ;;		None
   532 ;; Auto vars:     Size  Location     Type
   533 ;;		None
   534 ;; Return value:  Size  Location     Type
   535 ;;                  1    wreg      void 
   536 ;; Registers used:
   537 ;;		wreg, status,2, cstack
   538 ;; Tracked objects:
   539 ;;		On entry : 0/0
   540 ;;		On exit  : 0/0
   541 ;;		Unchanged: 0/0
   542 ;; Data sizes:     COMRAM   BANK0   BANK1   BANK2   BANK3   BANK4   BANK5
   543 ;;      Params:         0       0       0       0       0       0       0
   544 ;;      Locals:         0       0       0       0       0       0       0
   545 ;;      Temps:          1       0       0       0       0       0       0
   546 ;;      Totals:         1       0       0       0       0       0       0
   547 ;;Total ram usage:        1 bytes
   548 ;; Hardware stack levels used:    1
   549 ;; Hardware stack levels required when called:    6
   550 ;; This function calls:
   551 ;;		_lcd_write
   552 ;; This function is called by:
   553 ;;		_lcd_init
   554 ;; This function uses a non-reentrant model
   555 ;;
   556                           
   557                           	psect	text2
   558  000A56                     __ptext2:
   559                           	opt callstack 0
   560  000A56                     _lcd_clear:
   561                           	opt callstack 23
   562  000A56                     
   563                           ;lcd.c: 52:  LE0 = 0;
   564  000A56  908D               	bcf	3981,0,c	;volatile
   565  000A58                     
   566                           ;lcd.c: 53:  lcd_write(0x01);
   567  000A58  0E01               	movlw	1
   568  000A5A  EC43  F005         	call	_lcd_write
   569  000A5E                     
   570                           ;lcd.c: 54:  _delay((unsigned long)((2)*(4000000/4000.0)));
   571  000A5E  0E03               	movlw	3
   572  000A60  6E22               	movwf	??_lcd_clear^0,c
   573  000A62  0E98               	movlw	152
   574  000A64                     u487:
   575  000A64  2EE8               	decfsz	wreg,f,c
   576  000A66  D7FE               	bra	u487
   577  000A68  2E22               	decfsz	??_lcd_clear^0,f,c
   578  000A6A  D7FC               	bra	u487
   579  000A6C  0012               	return		;funcret
   580  000A6E                     __end_of_lcd_clear:
   581                           	opt callstack 0
   582                           
   583 ;; *************** function _lcd_write *****************
   584 ;; Defined at:
   585 ;;		line 37 in file "lcd.c"
   586 ;; Parameters:    Size  Location     Type
   587 ;;  c               1    wreg     unsigned char 
   588 ;; Auto vars:     Size  Location     Type
   589 ;;  c               1   32[COMRAM] unsigned char 
   590 ;; Return value:  Size  Location     Type
   591 ;;                  1    wreg      void 
   592 ;; Registers used:
   593 ;;		wreg, status,2, cstack
   594 ;; Tracked objects:
   595 ;;		On entry : 0/0
   596 ;;		On exit  : 0/0
   597 ;;		Unchanged: 0/0
   598 ;; Data sizes:     COMRAM   BANK0   BANK1   BANK2   BANK3   BANK4   BANK5
   599 ;;      Params:         0       0       0       0       0       0       0
   600 ;;      Locals:         1       0       0       0       0       0       0
   601 ;;      Temps:          0       0       0       0       0       0       0
   602 ;;      Totals:         1       0       0       0       0       0       0
   603 ;;Total ram usage:        1 bytes
   604 ;; Hardware stack levels used:    1
   605 ;; Hardware stack levels required when called:    5
   606 ;; This function calls:
   607 ;;		Nothing
   608 ;; This function is called by:
   609 ;;		_lcd_clear
   610 ;;		_lcd_init
   611 ;;		_lcd_putch
   612 ;; This function uses a non-reentrant model
   613 ;;
   614                           
   615                           	psect	text3
   616  000A86                     __ptext3:
   617                           	opt callstack 0
   618  000A86                     _lcd_write:
   619                           	opt callstack 24
   620                           
   621                           ;incstack = 0
   622                           ;lcd_write@c stored from wreg
   623  000A86  6E21               	movwf	lcd_write@c^0,c
   624  000A88                     
   625                           ;lcd.c: 37: lcd_write(unsigned char c);lcd.c: 38: {;lcd.c: 39:  _delay((unsigned long)((
      +                          1)*(4000000/4000.0)));
   626  000A88  0EC8               	movlw	200
   627  000A8A                     u497:
   628  000A8A  D000               	nop2	
   629  000A8C  2EE8               	decfsz	wreg,f,c
   630  000A8E  D7FD               	bra	u497
   631  000A90                     
   632                           ;lcd.c: 40:     PORTD = ( c );
   633  000A90  C021  FF83         	movff	lcd_write@c,3971	;volatile
   634  000A94                     
   635                           ;lcd.c: 41:  ((LE1 = 1),(LE1=0));
   636  000A94  828D               	bsf	3981,1,c	;volatile
   637  000A96  928D               	bcf	3981,1,c	;volatile
   638  000A98  0012               	return		;funcret
   639  000A9A                     __end_of_lcd_write:
   640                           	opt callstack 0
   641                           
   642 ;; *************** function _config *****************
   643 ;; Defined at:
   644 ;;		line 65 in file "./configura.h"
   645 ;; Parameters:    Size  Location     Type
   646 ;;		None
   647 ;; Auto vars:     Size  Location     Type
   648 ;;		None
   649 ;; Return value:  Size  Location     Type
   650 ;;                  1    wreg      void 
   651 ;; Registers used:
   652 ;;		wreg, status,2
   653 ;; Tracked objects:
   654 ;;		On entry : 0/0
   655 ;;		On exit  : 0/0
   656 ;;		Unchanged: 0/0
   657 ;; Data sizes:     COMRAM   BANK0   BANK1   BANK2   BANK3   BANK4   BANK5
   658 ;;      Params:         0       0       0       0       0       0       0
   659 ;;      Locals:         0       0       0       0       0       0       0
   660 ;;      Temps:          0       0       0       0       0       0       0
   661 ;;      Totals:         0       0       0       0       0       0       0
   662 ;;Total ram usage:        0 bytes
   663 ;; Hardware stack levels used:    1
   664 ;; Hardware stack levels required when called:    5
   665 ;; This function calls:
   666 ;;		Nothing
   667 ;; This function is called by:
   668 ;;		_main
   669 ;; This function uses a non-reentrant model
   670 ;;
   671                           
   672                           	psect	text4
   673  0009C0                     __ptext4:
   674                           	opt callstack 0
   675  0009C0                     _config:
   676                           	opt callstack 25
   677  0009C0                     
   678                           ;./configura.h: 66:     TRISA = 0B11011111;
   679  0009C0  0EDF               	movlw	223
   680  0009C2  6E92               	movwf	146,c	;volatile
   681                           
   682                           ;./configura.h: 67:     TRISB = 0B00000010;
   683  0009C4  0E02               	movlw	2
   684  0009C6  6E93               	movwf	147,c	;volatile
   685  0009C8                     
   686                           ;./configura.h: 68:     TRISC = 0B11111111;
   687  0009C8  6894               	setf	148,c	;volatile
   688                           
   689                           ;./configura.h: 69:     TRISD = 0B00000000;
   690  0009CA  0E00               	movlw	0
   691  0009CC  6E95               	movwf	149,c	;volatile
   692                           
   693                           ;./configura.h: 70:     TRISE = 0B00001100;
   694  0009CE  0E0C               	movlw	12
   695  0009D0  6E96               	movwf	150,c	;volatile
   696                           
   697                           ;./configura.h: 71:     OSCCON = 0B01100011;
   698  0009D2  0E63               	movlw	99
   699  0009D4  6ED3               	movwf	211,c	;volatile
   700  0009D6                     
   701                           ;./configura.h: 72:     IPEN = 1;
   702  0009D6  8ED0               	bsf	4048,7,c	;volatile
   703                           
   704                           ;./configura.h: 73:     INTCON = 0B10000000;
   705  0009D8  0E80               	movlw	128
   706  0009DA  6EF2               	movwf	242,c	;volatile
   707                           
   708                           ;./configura.h: 74:     T0CON = 0B11000011;
   709  0009DC  0EC3               	movlw	195
   710  0009DE  6ED5               	movwf	213,c	;volatile
   711                           
   712                           ;./configura.h: 75:     ADCON0 = 0B00000001;
   713  0009E0  0E01               	movlw	1
   714  0009E2  6EC2               	movwf	194,c	;volatile
   715                           
   716                           ;./configura.h: 76:     ADCON1 = 0B00001110;
   717  0009E4  0E0E               	movlw	14
   718  0009E6  6EC1               	movwf	193,c	;volatile
   719                           
   720                           ;./configura.h: 77:     ADCON2 = 0B10010100;
   721  0009E8  0E94               	movlw	148
   722  0009EA  6EC0               	movwf	192,c	;volatile
   723                           
   724                           ;./configura.h: 78:     TXSTA = 0B00100100;
   725  0009EC  0E24               	movlw	36
   726  0009EE  6EAC               	movwf	172,c	;volatile
   727                           
   728                           ;./configura.h: 79:     RCSTA = 0B10010000;
   729  0009F0  0E90               	movlw	144
   730  0009F2  6EAB               	movwf	171,c	;volatile
   731                           
   732                           ;./configura.h: 80:     BAUDCON =0;
   733  0009F4  0E00               	movlw	0
   734  0009F6  6EB8               	movwf	184,c	;volatile
   735                           
   736                           ;./configura.h: 81:     SPBRG = 25;
   737  0009F8  0E19               	movlw	25
   738  0009FA  6EAF               	movwf	175,c	;volatile
   739  0009FC                     
   740                           ;./configura.h: 82:     INT1IP = 1;
   741  0009FC  8CF0               	bsf	4080,6,c	;volatile
   742  0009FE                     
   743                           ;./configura.h: 83:     INT1IE = 1;
   744  0009FE  86F0               	bsf	4080,3,c	;volatile
   745  000A00                     
   746                           ;./configura.h: 84:     INT1IF = 0;
   747  000A00  90F0               	bcf	4080,0,c	;volatile
   748  000A02  0012               	return		;funcret
   749  000A04                     __end_of_config:
   750                           	opt callstack 0
   751                           
   752 ;; *************** function _int1 *****************
   753 ;; Defined at:
   754 ;;		line 62 in file "comunica.c"
   755 ;; Parameters:    Size  Location     Type
   756 ;;		None
   757 ;; Auto vars:     Size  Location     Type
   758 ;;		None
   759 ;; Return value:  Size  Location     Type
   760 ;;                  1    wreg      void 
   761 ;; Registers used:
   762 ;;		wreg, fsr0l, fsr0h, fsr2l, fsr2h, status,2, status,0, tblptrl, tblptrh, tblptru, cstack
   763 ;; Tracked objects:
   764 ;;		On entry : 0/0
   765 ;;		On exit  : 0/0
   766 ;;		Unchanged: 0/0
   767 ;; Data sizes:     COMRAM   BANK0   BANK1   BANK2   BANK3   BANK4   BANK5
   768 ;;      Params:         0       0       0       0       0       0       0
   769 ;;      Locals:         0       0       0       0       0       0       0
   770 ;;      Temps:         10       0       0       0       0       0       0
   771 ;;      Totals:        10       0       0       0       0       0       0
   772 ;;Total ram usage:       10 bytes
   773 ;; Hardware stack levels used:    1
   774 ;; Hardware stack levels required when called:    4
   775 ;; This function calls:
   776 ;;		_funcao
   777 ;; This function is called by:
   778 ;;		Interrupt level 2
   779 ;; This function uses a non-reentrant model
   780 ;;
   781                           
   782                           	psect	intcode
   783  000008                     __pintcode:
   784                           	opt callstack 0
   785  000008                     _int1:
   786                           	opt callstack 23
   787                           
   788                           ;incstack = 0
   789  000008  8248               	bsf	int$flags,1,c	;set compiler interrupt flag (level 2)
   790  00000A  ED93  F003         	call	int_func,f	;refresh shadow registers
   791                           
   792                           	psect	intcode_body
   793  000726                     __pintcode_body:
   794                           	opt callstack 23
   795  000726                     int_func:
   796                           	opt callstack 23
   797  000726  0006               	pop		; remove dummy address from shadow register refresh
   798  000728  CFE9 F019          	movff	fsr0l,??_int1+2
   799  00072C  CFEA F01A          	movff	fsr0h,??_int1+3
   800  000730  CFD9 F01B          	movff	fsr2l,??_int1+4
   801  000734  CFDA F01C          	movff	fsr2h,??_int1+5
   802  000738  CFF6 F01D          	movff	tblptrl,??_int1+6
   803  00073C  CFF7 F01E          	movff	tblptrh,??_int1+7
   804  000740  CFF8 F01F          	movff	tblptru,??_int1+8
   805  000744  CFF5 F020          	movff	tablat,??_int1+9
   806  000748                     
   807                           ;comunica.c: 63:     if(INT1IF){
   808  000748  A0F0               	btfss	4080,0,c	;volatile
   809  00074A  EFA9  F003         	goto	i2u38_41
   810  00074E  EFAB  F003         	goto	i2u38_40
   811  000752                     i2u38_41:
   812  000752  EFE8  F003         	goto	i2l130
   813  000756                     i2u38_40:
   814  000756                     
   815                           ;comunica.c: 64:         _delay((unsigned long)((2000)*(4000000/4000.0)));
   816  000756  0E0B               	movlw	11
   817  000758  6E18               	movwf	(??_int1+1)^0,c
   818  00075A  0E26               	movlw	38
   819  00075C  6E17               	movwf	??_int1^0,c
   820  00075E  0E5E               	movlw	94
   821  000760                     i2u50_47:
   822  000760  2EE8               	decfsz	wreg,f,c
   823  000762  D7FE               	bra	i2u50_47
   824  000764  2E17               	decfsz	??_int1^0,f,c
   825  000766  D7FC               	bra	i2u50_47
   826  000768  2E18               	decfsz	(??_int1+1)^0,f,c
   827  00076A  D7FA               	bra	i2u50_47
   828  00076C                     
   829                           ;comunica.c: 65:         PORTBbits.RB6=!PORTBbits.RB6;
   830  00076C  AC81               	btfss	129,6,c	;volatile
   831  00076E  EFBB  F003         	goto	i2u39_41
   832  000772  EFBF  F003         	goto	i2u39_40
   833  000776                     i2u39_41:
   834  000776  6A17               	clrf	??_int1^0,c
   835  000778  2A17               	incf	??_int1^0,f,c
   836  00077A  EFC0  F003         	goto	i2u40_48
   837  00077E                     i2u39_40:
   838  00077E  6A17               	clrf	??_int1^0,c
   839  000780                     i2u40_48:
   840  000780  3A17               	swapf	??_int1^0,f,c
   841  000782  4617               	rlncf	??_int1^0,f,c
   842  000784  4617               	rlncf	??_int1^0,f,c
   843  000786  5081               	movf	129,w,c	;volatile
   844  000788  1817               	xorwf	??_int1^0,w,c
   845  00078A  0BBF               	andlw	-65
   846  00078C  1817               	xorwf	??_int1^0,w,c
   847  00078E  6E81               	movwf	129,c	;volatile
   848  000790                     
   849                           ;comunica.c: 66:         _delay((unsigned long)((500)*(4000000/4000.0)));
   850  000790  0E03               	movlw	3
   851  000792  6E18               	movwf	(??_int1+1)^0,c
   852  000794  0E8A               	movlw	138
   853  000796  6E17               	movwf	??_int1^0,c
   854  000798  0E56               	movlw	86
   855  00079A                     i2u51_47:
   856  00079A  2EE8               	decfsz	wreg,f,c
   857  00079C  D7FE               	bra	i2u51_47
   858  00079E  2E17               	decfsz	??_int1^0,f,c
   859  0007A0  D7FC               	bra	i2u51_47
   860  0007A2  2E18               	decfsz	(??_int1+1)^0,f,c
   861  0007A4  D7FA               	bra	i2u51_47
   862                           
   863                           ;comunica.c: 67:         PORTBbits.RB6=!PORTBbits.RB6;
   864  0007A6  AC81               	btfss	129,6,c	;volatile
   865  0007A8  EFD8  F003         	goto	i2u41_41
   866  0007AC  EFDC  F003         	goto	i2u41_40
   867  0007B0                     i2u41_41:
   868  0007B0  6A17               	clrf	??_int1^0,c
   869  0007B2  2A17               	incf	??_int1^0,f,c
   870  0007B4  EFDD  F003         	goto	i2u42_48
   871  0007B8                     i2u41_40:
   872  0007B8  6A17               	clrf	??_int1^0,c
   873  0007BA                     i2u42_48:
   874  0007BA  3A17               	swapf	??_int1^0,f,c
   875  0007BC  4617               	rlncf	??_int1^0,f,c
   876  0007BE  4617               	rlncf	??_int1^0,f,c
   877  0007C0  5081               	movf	129,w,c	;volatile
   878  0007C2  1817               	xorwf	??_int1^0,w,c
   879  0007C4  0BBF               	andlw	-65
   880  0007C6  1817               	xorwf	??_int1^0,w,c
   881  0007C8  6E81               	movwf	129,c	;volatile
   882  0007CA                     
   883                           ;comunica.c: 68:         INT1IF = 0;
   884  0007CA  90F0               	bcf	4080,0,c	;volatile
   885  0007CC                     
   886                           ;comunica.c: 69:         funcao();
   887  0007CC  EC10  F003         	call	_funcao	;wreg free
   888  0007D0                     i2l130:
   889  0007D0  C020  FFF5         	movff	??_int1+9,tablat
   890  0007D4  C01F  FFF8         	movff	??_int1+8,tblptru
   891  0007D8  C01E  FFF7         	movff	??_int1+7,tblptrh
   892  0007DC  C01D  FFF6         	movff	??_int1+6,tblptrl
   893  0007E0  C01C  FFDA         	movff	??_int1+5,fsr2h
   894  0007E4  C01B  FFD9         	movff	??_int1+4,fsr2l
   895  0007E8  C01A  FFEA         	movff	??_int1+3,fsr0h
   896  0007EC  C019  FFE9         	movff	??_int1+2,fsr0l
   897  0007F0  9248               	bcf	int$flags,1,c	;clear compiler interrupt flag (level 2)
   898  0007F2  0011               	retfie		f
   899  0007F4                     __end_of_int1:
   900                           	opt callstack 0
   901                           
   902 ;; *************** function _funcao *****************
   903 ;; Defined at:
   904 ;;		line 73 in file "comunica.c"
   905 ;; Parameters:    Size  Location     Type
   906 ;;		None
   907 ;; Auto vars:     Size  Location     Type
   908 ;;		None
   909 ;; Return value:  Size  Location     Type
   910 ;;                  1    wreg      void 
   911 ;; Registers used:
   912 ;;		wreg, fsr0l, fsr0h, fsr2l, fsr2h, status,2, status,0, tblptrl, tblptrh, tblptru, cstack
   913 ;; Tracked objects:
   914 ;;		On entry : 0/0
   915 ;;		On exit  : 0/0
   916 ;;		Unchanged: 0/0
   917 ;; Data sizes:     COMRAM   BANK0   BANK1   BANK2   BANK3   BANK4   BANK5
   918 ;;      Params:         0       0       0       0       0       0       0
   919 ;;      Locals:         0       0       0       0       0       0       0
   920 ;;      Temps:          1       0       0       0       0       0       0
   921 ;;      Totals:         1       0       0       0       0       0       0
   922 ;;Total ram usage:        1 bytes
   923 ;; Hardware stack levels used:    1
   924 ;; Hardware stack levels required when called:    3
   925 ;; This function calls:
   926 ;;		_envia
   927 ;;		_escreve
   928 ;; This function is called by:
   929 ;;		_int1
   930 ;; This function uses a non-reentrant model
   931 ;;
   932                           
   933                           	psect	text6
   934  000620                     __ptext6:
   935                           	opt callstack 0
   936  000620                     _funcao:
   937                           	opt callstack 23
   938  000620                     
   939                           ;comunica.c: 74:     if(PORTCbits.RC0 == 1){
   940  000620  A082               	btfss	130,0,c	;volatile
   941  000622  EF15  F003         	goto	i2u30_41
   942  000626  EF17  F003         	goto	i2u30_40
   943  00062A                     i2u30_41:
   944  00062A  EF52  F003         	goto	i2l133
   945  00062E                     i2u30_40:
   946  00062E                     
   947                           ;comunica.c: 75:         _delay((unsigned long)((5)*(4000000/4000.0)));
   948  00062E  0E07               	movlw	7
   949  000630  6E16               	movwf	??_funcao^0,c
   950  000632  0E7D               	movlw	125
   951  000634                     i2u52_47:
   952  000634  2EE8               	decfsz	wreg,f,c
   953  000636  D7FE               	bra	i2u52_47
   954  000638  2E16               	decfsz	??_funcao^0,f,c
   955  00063A  D7FC               	bra	i2u52_47
   956  00063C  F000               	nop	
   957  00063E                     
   958                           ;comunica.c: 76:         if (aluno1.status == 0){
   959  00063E  5044               	movf	(_aluno1+14)^0,w,c
   960  000640  1045               	iorwf	(_aluno1+15)^0,w,c
   961  000642  A4D8               	btfss	status,2,c
   962  000644  EF26  F003         	goto	i2u31_41
   963  000648  EF28  F003         	goto	i2u31_40
   964  00064C                     i2u31_41:
   965  00064C  EF32  F003         	goto	i2l1067
   966  000650                     i2u31_40:
   967  000650                     
   968                           ;comunica.c: 77:             aluno1.status = 1;
   969  000650  0E00               	movlw	0
   970  000652  6E45               	movwf	(_aluno1+15)^0,c
   971  000654  0E01               	movlw	1
   972  000656  6E44               	movwf	(_aluno1+14)^0,c
   973                           
   974                           ;comunica.c: 78:             aux = 0x41;
   975  000658  0E00               	movlw	0
   976  00065A  6E47               	movwf	(_aux+1)^0,c
   977  00065C  0E41               	movlw	65
   978  00065E  6E46               	movwf	_aux^0,c
   979                           
   980                           ;comunica.c: 79:         }
   981  000660  EF43  F003         	goto	i2l1071
   982  000664                     i2l1067:
   983  000664  0444               	decf	(_aluno1+14)^0,w,c
   984  000666  1045               	iorwf	(_aluno1+15)^0,w,c
   985  000668  A4D8               	btfss	status,2,c
   986  00066A  EF39  F003         	goto	i2u32_41
   987  00066E  EF3B  F003         	goto	i2u32_40
   988  000672                     i2u32_41:
   989  000672  EF43  F003         	goto	i2l1071
   990  000676                     i2u32_40:
   991  000676                     
   992                           ;comunica.c: 81:             aluno1.status = 0;
   993  000676  0E00               	movlw	0
   994  000678  6E45               	movwf	(_aluno1+15)^0,c
   995  00067A  0E00               	movlw	0
   996  00067C  6E44               	movwf	(_aluno1+14)^0,c
   997                           
   998                           ;comunica.c: 82:             aux = 0x42;
   999  00067E  0E00               	movlw	0
  1000  000680  6E47               	movwf	(_aux+1)^0,c
  1001  000682  0E42               	movlw	66
  1002  000684  6E46               	movwf	_aux^0,c
  1003  000686                     i2l1071:
  1004                           
  1005                           ;comunica.c: 84:         escreve(aluno1);
  1006  000686  EE20  F036         	lfsr	2,_aluno1
  1007  00068A  EE00  F004         	lfsr	0,escreve@aluno
  1008  00068E  0E0F               	movlw	15
  1009  000690                     i2u33_41:
  1010  000690  CFDB FFEB          	movff	plusw2,plusw0
  1011  000694  06E8               	decf	wreg,f,c
  1012  000696  E2FC               	bc	i2u33_41
  1013  000698  EC40  F004         	call	_escreve	;wreg free
  1014  00069C                     i2l1073:
  1015                           
  1016                           ;comunica.c: 85:         envia();
  1017  00069C  EC57  F005         	call	_envia	;wreg free
  1018                           
  1019                           ;comunica.c: 86:     }else if(PORTCbits.RC0 == 0){
  1020  0006A0  EF92  F003         	goto	i2l142
  1021  0006A4                     i2l133:
  1022  0006A4  B082               	btfsc	130,0,c	;volatile
  1023  0006A6  EF57  F003         	goto	i2u34_41
  1024  0006AA  EF59  F003         	goto	i2u34_40
  1025  0006AE                     i2u34_41:
  1026  0006AE  EF92  F003         	goto	i2l142
  1027  0006B2                     i2u34_40:
  1028  0006B2                     
  1029                           ;comunica.c: 87:         _delay((unsigned long)((5)*(4000000/4000.0)));
  1030  0006B2  0E07               	movlw	7
  1031  0006B4  6E16               	movwf	??_funcao^0,c
  1032  0006B6  0E7D               	movlw	125
  1033  0006B8                     i2u53_47:
  1034  0006B8  2EE8               	decfsz	wreg,f,c
  1035  0006BA  D7FE               	bra	i2u53_47
  1036  0006BC  2E16               	decfsz	??_funcao^0,f,c
  1037  0006BE  D7FC               	bra	i2u53_47
  1038  0006C0  F000               	nop	
  1039  0006C2                     
  1040                           ;comunica.c: 88:         if (aluno2.status == 0){
  1041  0006C2  5034               	movf	(_aluno2+14)^0,w,c
  1042  0006C4  1035               	iorwf	(_aluno2+15)^0,w,c
  1043  0006C6  A4D8               	btfss	status,2,c
  1044  0006C8  EF68  F003         	goto	i2u35_41
  1045  0006CC  EF6A  F003         	goto	i2u35_40
  1046  0006D0                     i2u35_41:
  1047  0006D0  EF74  F003         	goto	i2l1081
  1048  0006D4                     i2u35_40:
  1049  0006D4                     
  1050                           ;comunica.c: 89:             aluno2.status = 1;
  1051  0006D4  0E00               	movlw	0
  1052  0006D6  6E35               	movwf	(_aluno2+15)^0,c
  1053  0006D8  0E01               	movlw	1
  1054  0006DA  6E34               	movwf	(_aluno2+14)^0,c
  1055                           
  1056                           ;comunica.c: 90:             aux = 0x43;
  1057  0006DC  0E00               	movlw	0
  1058  0006DE  6E47               	movwf	(_aux+1)^0,c
  1059  0006E0  0E43               	movlw	67
  1060  0006E2  6E46               	movwf	_aux^0,c
  1061                           
  1062                           ;comunica.c: 91:         }
  1063  0006E4  EF85  F003         	goto	i2l1085
  1064  0006E8                     i2l1081:
  1065  0006E8  0434               	decf	(_aluno2+14)^0,w,c
  1066  0006EA  1035               	iorwf	(_aluno2+15)^0,w,c
  1067  0006EC  A4D8               	btfss	status,2,c
  1068  0006EE  EF7B  F003         	goto	i2u36_41
  1069  0006F2  EF7D  F003         	goto	i2u36_40
  1070  0006F6                     i2u36_41:
  1071  0006F6  EF85  F003         	goto	i2l1085
  1072  0006FA                     i2u36_40:
  1073  0006FA                     
  1074                           ;comunica.c: 93:             aluno2.status = 0;
  1075  0006FA  0E00               	movlw	0
  1076  0006FC  6E35               	movwf	(_aluno2+15)^0,c
  1077  0006FE  0E00               	movlw	0
  1078  000700  6E34               	movwf	(_aluno2+14)^0,c
  1079                           
  1080                           ;comunica.c: 94:             aux = 0x44;
  1081  000702  0E00               	movlw	0
  1082  000704  6E47               	movwf	(_aux+1)^0,c
  1083  000706  0E44               	movlw	68
  1084  000708  6E46               	movwf	_aux^0,c
  1085  00070A                     i2l1085:
  1086                           
  1087                           ;comunica.c: 96:         escreve(aluno2);
  1088  00070A  EE20  F026         	lfsr	2,_aluno2
  1089  00070E  EE00  F004         	lfsr	0,escreve@aluno
  1090  000712  0E0F               	movlw	15
  1091  000714                     i2u37_41:
  1092  000714  CFDB FFEB          	movff	plusw2,plusw0
  1093  000718  06E8               	decf	wreg,f,c
  1094  00071A  E2FC               	bc	i2u37_41
  1095  00071C  EC40  F004         	call	_escreve	;wreg free
  1096  000720  EF4E  F003         	goto	i2l1073
  1097  000724                     i2l142:
  1098  000724  0012               	return		;funcret
  1099  000726                     __end_of_funcao:
  1100                           	opt callstack 0
  1101                           
  1102 ;; *************** function _escreve *****************
  1103 ;; Defined at:
  1104 ;;		line 101 in file "comunica.c"
  1105 ;; Parameters:    Size  Location     Type
  1106 ;;  aluno          16    3[COMRAM] struct Aluno
  1107 ;; Auto vars:     Size  Location     Type
  1108 ;;		None
  1109 ;; Return value:  Size  Location     Type
  1110 ;;                  1    wreg      void 
  1111 ;; Registers used:
  1112 ;;		wreg, fsr0l, fsr0h, status,2, status,0, tblptrl, tblptrh, tblptru, cstack
  1113 ;; Tracked objects:
  1114 ;;		On entry : 0/0
  1115 ;;		On exit  : 0/0
  1116 ;;		Unchanged: 0/0
  1117 ;; Data sizes:     COMRAM   BANK0   BANK1   BANK2   BANK3   BANK4   BANK5
  1118 ;;      Params:        16       0       0       0       0       0       0
  1119 ;;      Locals:         0       0       0       0       0       0       0
  1120 ;;      Temps:          2       0       0       0       0       0       0
  1121 ;;      Totals:        18       0       0       0       0       0       0
  1122 ;;Total ram usage:       18 bytes
  1123 ;; Hardware stack levels used:    1
  1124 ;; Hardware stack levels required when called:    2
  1125 ;; This function calls:
  1126 ;;		_lcd_goto
  1127 ;;		_lcd_puts
  1128 ;;		i2_lcd_clear
  1129 ;; This function is called by:
  1130 ;;		_funcao
  1131 ;; This function uses a non-reentrant model
  1132 ;;
  1133                           
  1134                           	psect	text7
  1135  000880                     __ptext7:
  1136                           	opt callstack 0
  1137  000880                     _escreve:
  1138                           	opt callstack 23
  1139  000880                     
  1140                           ;comunica.c: 102:     lcd_clear();
  1141  000880  EC37  F005         	call	i2_lcd_clear	;wreg free
  1142  000884                     
  1143                           ;comunica.c: 103:     lcd_goto (0);
  1144  000884  0E00               	movlw	0
  1145  000886  EC61  F005         	call	_lcd_goto
  1146  00088A                     
  1147                           ;comunica.c: 104:     lcd_puts ("Aluno: ");
  1148  00088A  0E0A               	movlw	low STR_1
  1149  00088C  6E02               	movwf	lcd_puts@s^0,c
  1150  00088E  0E06               	movlw	high STR_1
  1151  000890  6E03               	movwf	(lcd_puts@s+1)^0,c
  1152  000892  ECB0  F004         	call	_lcd_puts	;wreg free
  1153  000896                     
  1154                           ;comunica.c: 105:     lcd_puts (aluno.nome);
  1155  000896  0E04               	movlw	low escreve@aluno
  1156  000898  6E02               	movwf	lcd_puts@s^0,c
  1157  00089A  0E00               	movlw	high escreve@aluno
  1158  00089C  6E03               	movwf	(lcd_puts@s+1)^0,c
  1159  00089E  ECB0  F004         	call	_lcd_puts	;wreg free
  1160  0008A2                     
  1161                           ;comunica.c: 106:     lcd_goto (40);
  1162  0008A2  0E28               	movlw	40
  1163  0008A4  EC61  F005         	call	_lcd_goto
  1164  0008A8                     
  1165                           ;comunica.c: 107:     lcd_puts ("Status: ");
  1166  0008A8  0E01               	movlw	low STR_2
  1167  0008AA  6E02               	movwf	lcd_puts@s^0,c
  1168  0008AC  0E06               	movlw	high STR_2
  1169  0008AE  6E03               	movwf	(lcd_puts@s+1)^0,c
  1170  0008B0  ECB0  F004         	call	_lcd_puts	;wreg free
  1171  0008B4                     
  1172                           ;comunica.c: 108:     if(aluno.status == 1){
  1173  0008B4  0412               	decf	(escreve@aluno+14)^0,w,c
  1174  0008B6  1013               	iorwf	(escreve@aluno+15)^0,w,c
  1175  0008B8  A4D8               	btfss	status,2,c
  1176  0008BA  EF61  F004         	goto	i2u29_41
  1177  0008BE  EF63  F004         	goto	i2u29_40
  1178  0008C2                     i2u29_41:
  1179  0008C2  EF6B  F004         	goto	i2l1053
  1180  0008C6                     i2u29_40:
  1181  0008C6                     
  1182                           ;comunica.c: 109:         lcd_puts("Entrou");
  1183  0008C6  0E12               	movlw	low STR_3
  1184  0008C8  6E02               	movwf	lcd_puts@s^0,c
  1185  0008CA  0E06               	movlw	high STR_3
  1186  0008CC  6E03               	movwf	(lcd_puts@s+1)^0,c
  1187  0008CE  ECB0  F004         	call	_lcd_puts	;wreg free
  1188                           
  1189                           ;comunica.c: 110:     }else{
  1190  0008D2  EF71  F004         	goto	i2l1055
  1191  0008D6                     i2l1053:
  1192                           
  1193                           ;comunica.c: 111:         lcd_puts("Saiu");
  1194  0008D6  0E19               	movlw	low STR_4
  1195  0008D8  6E02               	movwf	lcd_puts@s^0,c
  1196  0008DA  0E06               	movlw	high STR_4
  1197  0008DC  6E03               	movwf	(lcd_puts@s+1)^0,c
  1198  0008DE  ECB0  F004         	call	_lcd_puts	;wreg free
  1199  0008E2                     i2l1055:
  1200                           
  1201                           ;comunica.c: 113:     _delay((unsigned long)((2000)*(4000000/4000.0)));
  1202  0008E2  0E0B               	movlw	11
  1203  0008E4  6E15               	movwf	(??_escreve+1)^0,c
  1204  0008E6  0E26               	movlw	38
  1205  0008E8  6E14               	movwf	??_escreve^0,c
  1206  0008EA  0E5E               	movlw	94
  1207  0008EC                     i2u54_47:
  1208  0008EC  2EE8               	decfsz	wreg,f,c
  1209  0008EE  D7FE               	bra	i2u54_47
  1210  0008F0  2E14               	decfsz	??_escreve^0,f,c
  1211  0008F2  D7FC               	bra	i2u54_47
  1212  0008F4  2E15               	decfsz	(??_escreve+1)^0,f,c
  1213  0008F6  D7FA               	bra	i2u54_47
  1214  0008F8                     
  1215                           ;comunica.c: 114:     lcd_clear();
  1216  0008F8  EC37  F005         	call	i2_lcd_clear	;wreg free
  1217  0008FC  0012               	return		;funcret
  1218  0008FE                     __end_of_escreve:
  1219                           	opt callstack 0
  1220                           
  1221 ;; *************** function i2_lcd_clear *****************
  1222 ;; Defined at:
  1223 ;;		line 51 in file "lcd.c"
  1224 ;; Parameters:    Size  Location     Type
  1225 ;;		None
  1226 ;; Auto vars:     Size  Location     Type
  1227 ;;		None
  1228 ;; Return value:  Size  Location     Type
  1229 ;;                  1    wreg      void 
  1230 ;; Registers used:
  1231 ;;		wreg, status,2, cstack
  1232 ;; Tracked objects:
  1233 ;;		On entry : 0/0
  1234 ;;		On exit  : 0/0
  1235 ;;		Unchanged: 0/0
  1236 ;; Data sizes:     COMRAM   BANK0   BANK1   BANK2   BANK3   BANK4   BANK5
  1237 ;;      Params:         0       0       0       0       0       0       0
  1238 ;;      Locals:         0       0       0       0       0       0       0
  1239 ;;      Temps:          1       0       0       0       0       0       0
  1240 ;;      Totals:         1       0       0       0       0       0       0
  1241 ;;Total ram usage:        1 bytes
  1242 ;; Hardware stack levels used:    1
  1243 ;; Hardware stack levels required when called:    1
  1244 ;; This function calls:
  1245 ;;		i2_lcd_write
  1246 ;; This function is called by:
  1247 ;;		_escreve
  1248 ;; This function uses a non-reentrant model
  1249 ;;
  1250                           
  1251                           	psect	text8
  1252  000A6E                     __ptext8:
  1253                           	opt callstack 0
  1254  000A6E                     i2_lcd_clear:
  1255                           	opt callstack 23
  1256  000A6E                     
  1257                           ;lcd.c: 52:  LE0 = 0;
  1258  000A6E  908D               	bcf	3981,0,c	;volatile
  1259  000A70                     
  1260                           ;lcd.c: 53:  lcd_write(0x01);
  1261  000A70  0E01               	movlw	1
  1262  000A72  EC4D  F005         	call	i2_lcd_write
  1263  000A76                     
  1264                           ;lcd.c: 54:  _delay((unsigned long)((2)*(4000000/4000.0)));
  1265  000A76  0E03               	movlw	3
  1266  000A78  6E02               	movwf	??i2_lcd_clear^0,c
  1267  000A7A  0E98               	movlw	152
  1268  000A7C                     i2u55_47:
  1269  000A7C  2EE8               	decfsz	wreg,f,c
  1270  000A7E  D7FE               	bra	i2u55_47
  1271  000A80  2E02               	decfsz	??i2_lcd_clear^0,f,c
  1272  000A82  D7FC               	bra	i2u55_47
  1273  000A84  0012               	return		;funcret
  1274  000A86                     __end_ofi2_lcd_clear:
  1275                           	opt callstack 0
  1276                           
  1277 ;; *************** function _lcd_puts *****************
  1278 ;; Defined at:
  1279 ;;		line 60 in file "lcd.c"
  1280 ;; Parameters:    Size  Location     Type
  1281 ;;  s               2    1[COMRAM] PTR const unsigned char 
  1282 ;;		 -> STR_4(5), STR_3(7), STR_2(9), aluno.nome(10), 
  1283 ;;		 -> escreve@aluno(16), STR_1(8), 
  1284 ;; Auto vars:     Size  Location     Type
  1285 ;;		None
  1286 ;; Return value:  Size  Location     Type
  1287 ;;                  1    wreg      void 
  1288 ;; Registers used:
  1289 ;;		wreg, fsr0l, fsr0h, status,2, status,0, tblptrl, tblptrh, tblptru, cstack
  1290 ;; Tracked objects:
  1291 ;;		On entry : 0/0
  1292 ;;		On exit  : 0/0
  1293 ;;		Unchanged: 0/0
  1294 ;; Data sizes:     COMRAM   BANK0   BANK1   BANK2   BANK3   BANK4   BANK5
  1295 ;;      Params:         2       0       0       0       0       0       0
  1296 ;;      Locals:         0       0       0       0       0       0       0
  1297 ;;      Temps:          0       0       0       0       0       0       0
  1298 ;;      Totals:         2       0       0       0       0       0       0
  1299 ;;Total ram usage:        2 bytes
  1300 ;; Hardware stack levels used:    1
  1301 ;; Hardware stack levels required when called:    1
  1302 ;; This function calls:
  1303 ;;		i2_lcd_write
  1304 ;; This function is called by:
  1305 ;;		_escreve
  1306 ;; This function uses a non-reentrant model
  1307 ;;
  1308                           
  1309                           	psect	text9
  1310  000960                     __ptext9:
  1311                           	opt callstack 0
  1312  000960                     _lcd_puts:
  1313                           	opt callstack 23
  1314  000960                     
  1315                           ;lcd.c: 61:  LE0 = 1;
  1316  000960  808D               	bsf	3981,0,c	;volatile
  1317                           
  1318                           ;lcd.c: 62:  while(*s)
  1319  000962  EFC7  F004         	goto	i2l1025
  1320  000966                     i2l1021:
  1321                           
  1322                           ;lcd.c: 63:   lcd_write(*s++);
  1323  000966  C002  FFF6         	movff	lcd_puts@s,tblptrl
  1324  00096A  C003  FFF7         	movff	lcd_puts@s+1,tblptrh
  1325  00096E  6AF8               	clrf	tblptru,c
  1326  000970  0E05               	movlw	(high __ramtop+-1)
  1327  000972  64F7               	cpfsgt	tblptrh,c
  1328  000974  D003               	bra	i2u26_47
  1329  000976  0008               	tblrd		*
  1330  000978  50F5               	movf	tablat,w,c
  1331  00097A  D005               	bra	i2u26_40
  1332  00097C                     i2u26_47:
  1333  00097C  CFF6 FFE9          	movff	tblptrl,fsr0l
  1334  000980  CFF7 FFEA          	movff	tblptrh,fsr0h
  1335  000984  50EF               	movf	indf0,w,c
  1336  000986                     i2u26_40:
  1337  000986  EC4D  F005         	call	i2_lcd_write
  1338  00098A  4A02               	infsnz	lcd_puts@s^0,f,c
  1339  00098C  2A03               	incf	(lcd_puts@s+1)^0,f,c
  1340  00098E                     i2l1025:
  1341                           
  1342                           ;lcd.c: 62:  while(*s)
  1343  00098E  C002  FFF6         	movff	lcd_puts@s,tblptrl
  1344  000992  C003  FFF7         	movff	lcd_puts@s+1,tblptrh
  1345  000996  6AF8               	clrf	tblptru,c
  1346  000998  0E05               	movlw	(high __ramtop+-1)
  1347  00099A  64F7               	cpfsgt	tblptrh,c
  1348  00099C  D003               	bra	i2u27_47
  1349  00099E  0008               	tblrd		*
  1350  0009A0  50F5               	movf	tablat,w,c
  1351  0009A2  D005               	bra	i2u27_40
  1352  0009A4                     i2u27_47:
  1353  0009A4  CFF6 FFE9          	movff	tblptrl,fsr0l
  1354  0009A8  CFF7 FFEA          	movff	tblptrh,fsr0h
  1355  0009AC  50EF               	movf	indf0,w,c
  1356  0009AE                     i2u27_40:
  1357  0009AE  0900               	iorlw	0
  1358  0009B0  A4D8               	btfss	status,2,c
  1359  0009B2  EFDD  F004         	goto	i2u28_41
  1360  0009B6  EFDF  F004         	goto	i2u28_40
  1361  0009BA                     i2u28_41:
  1362  0009BA  EFB3  F004         	goto	i2l1021
  1363  0009BE                     i2u28_40:
  1364  0009BE  0012               	return		;funcret
  1365  0009C0                     __end_of_lcd_puts:
  1366                           	opt callstack 0
  1367                           
  1368 ;; *************** function _lcd_goto *****************
  1369 ;; Defined at:
  1370 ;;		line 80 in file "lcd.c"
  1371 ;; Parameters:    Size  Location     Type
  1372 ;;  pos             1    wreg     unsigned char 
  1373 ;; Auto vars:     Size  Location     Type
  1374 ;;  pos             1    1[COMRAM] unsigned char 
  1375 ;; Return value:  Size  Location     Type
  1376 ;;                  1    wreg      void 
  1377 ;; Registers used:
  1378 ;;		wreg, status,2, status,0, cstack
  1379 ;; Tracked objects:
  1380 ;;		On entry : 0/0
  1381 ;;		On exit  : 0/0
  1382 ;;		Unchanged: 0/0
  1383 ;; Data sizes:     COMRAM   BANK0   BANK1   BANK2   BANK3   BANK4   BANK5
  1384 ;;      Params:         0       0       0       0       0       0       0
  1385 ;;      Locals:         1       0       0       0       0       0       0
  1386 ;;      Temps:          0       0       0       0       0       0       0
  1387 ;;      Totals:         1       0       0       0       0       0       0
  1388 ;;Total ram usage:        1 bytes
  1389 ;; Hardware stack levels used:    1
  1390 ;; Hardware stack levels required when called:    1
  1391 ;; This function calls:
  1392 ;;		i2_lcd_write
  1393 ;; This function is called by:
  1394 ;;		_escreve
  1395 ;; This function uses a non-reentrant model
  1396 ;;
  1397                           
  1398                           	psect	text10
  1399  000AC2                     __ptext10:
  1400                           	opt callstack 0
  1401  000AC2                     _lcd_goto:
  1402                           	opt callstack 23
  1403                           
  1404                           ;incstack = 0
  1405                           ;lcd_goto@pos stored from wreg
  1406  000AC2  6E02               	movwf	lcd_goto@pos^0,c
  1407  000AC4                     
  1408                           ;lcd.c: 81:  LE0 = 0;
  1409  000AC4  908D               	bcf	3981,0,c	;volatile
  1410  000AC6                     
  1411                           ;lcd.c: 82:  lcd_write(0x80+pos);
  1412  000AC6  5002               	movf	lcd_goto@pos^0,w,c
  1413  000AC8  0F80               	addlw	128
  1414  000ACA  EC4D  F005         	call	i2_lcd_write
  1415  000ACE  0012               	return		;funcret
  1416  000AD0                     __end_of_lcd_goto:
  1417                           	opt callstack 0
  1418                           
  1419 ;; *************** function i2_lcd_write *****************
  1420 ;; Defined at:
  1421 ;;		line 37 in file "lcd.c"
  1422 ;; Parameters:    Size  Location     Type
  1423 ;;  c               1    wreg     unsigned char 
  1424 ;; Auto vars:     Size  Location     Type
  1425 ;;  c               1    0[COMRAM] unsigned char 
  1426 ;; Return value:  Size  Location     Type
  1427 ;;                  1    wreg      void 
  1428 ;; Registers used:
  1429 ;;		wreg, status,2, cstack
  1430 ;; Tracked objects:
  1431 ;;		On entry : 0/0
  1432 ;;		On exit  : 0/0
  1433 ;;		Unchanged: 0/0
  1434 ;; Data sizes:     COMRAM   BANK0   BANK1   BANK2   BANK3   BANK4   BANK5
  1435 ;;      Params:         0       0       0       0       0       0       0
  1436 ;;      Locals:         1       0       0       0       0       0       0
  1437 ;;      Temps:          0       0       0       0       0       0       0
  1438 ;;      Totals:         1       0       0       0       0       0       0
  1439 ;;Total ram usage:        1 bytes
  1440 ;; Hardware stack levels used:    1
  1441 ;; This function calls:
  1442 ;;		Nothing
  1443 ;; This function is called by:
  1444 ;;		_lcd_puts
  1445 ;;		_lcd_goto
  1446 ;;		i2_lcd_clear
  1447 ;; This function uses a non-reentrant model
  1448 ;;
  1449                           
  1450                           	psect	text11
  1451  000A9A                     __ptext11:
  1452                           	opt callstack 0
  1453  000A9A                     i2_lcd_write:
  1454                           	opt callstack 23
  1455                           
  1456                           ;incstack = 0
  1457                           ;i2lcd_write@c stored from wreg
  1458  000A9A  6E01               	movwf	i2lcd_write@c^0,c
  1459  000A9C                     
  1460                           ;lcd.c: 37: lcd_write(unsigned char c);lcd.c: 38: {;lcd.c: 39:  _delay((unsigned long)((
      +                          1)*(4000000/4000.0)));
  1461  000A9C  0EC8               	movlw	200
  1462  000A9E                     i2u56_47:
  1463  000A9E  D000               	nop2	
  1464  000AA0  2EE8               	decfsz	wreg,f,c
  1465  000AA2  D7FD               	bra	i2u56_47
  1466  000AA4                     
  1467                           ;lcd.c: 40:     PORTD = ( c );
  1468  000AA4  C001  FF83         	movff	i2lcd_write@c,3971	;volatile
  1469  000AA8                     
  1470                           ;lcd.c: 41:  ((LE1 = 1),(LE1=0));
  1471  000AA8  828D               	bsf	3981,1,c	;volatile
  1472  000AAA  928D               	bcf	3981,1,c	;volatile
  1473  000AAC  0012               	return		;funcret
  1474  000AAE                     __end_ofi2_lcd_write:
  1475                           	opt callstack 0
  1476                           
  1477 ;; *************** function _envia *****************
  1478 ;; Defined at:
  1479 ;;		line 117 in file "comunica.c"
  1480 ;; Parameters:    Size  Location     Type
  1481 ;;		None
  1482 ;; Auto vars:     Size  Location     Type
  1483 ;;		None
  1484 ;; Return value:  Size  Location     Type
  1485 ;;                  1    wreg      void 
  1486 ;; Registers used:
  1487 ;;		None
  1488 ;; Tracked objects:
  1489 ;;		On entry : 0/0
  1490 ;;		On exit  : 0/0
  1491 ;;		Unchanged: 0/0
  1492 ;; Data sizes:     COMRAM   BANK0   BANK1   BANK2   BANK3   BANK4   BANK5
  1493 ;;      Params:         0       0       0       0       0       0       0
  1494 ;;      Locals:         0       0       0       0       0       0       0
  1495 ;;      Temps:          0       0       0       0       0       0       0
  1496 ;;      Totals:         0       0       0       0       0       0       0
  1497 ;;Total ram usage:        0 bytes
  1498 ;; Hardware stack levels used:    1
  1499 ;; This function calls:
  1500 ;;		Nothing
  1501 ;; This function is called by:
  1502 ;;		_funcao
  1503 ;; This function uses a non-reentrant model
  1504 ;;
  1505                           
  1506                           	psect	text12
  1507  000AAE                     __ptext12:
  1508                           	opt callstack 0
  1509  000AAE                     _envia:
  1510                           	opt callstack 25
  1511  000AAE                     i2l150:
  1512                           
  1513                           ;comunica.c: 118:     while(!TXIF)
  1514  000AAE  A89E               	btfss	3998,4,c	;volatile
  1515  000AB0  EF5C  F005         	goto	i2u5_41
  1516  000AB4  EF5E  F005         	goto	i2u5_40
  1517  000AB8                     i2u5_41:
  1518  000AB8  EF57  F005         	goto	i2l150
  1519  000ABC                     i2u5_40:
  1520  000ABC                     
  1521                           ;comunica.c: 120:                TXREG = aux;
  1522  000ABC  C046  FFAD         	movff	_aux,4013	;volatile
  1523  000AC0  0012               	return		;funcret
  1524  000AC2                     __end_of_envia:
  1525                           	opt callstack 0
  1526                           
  1527                           	psect	rparam
  1528  0000                     
  1529                           	psect	temp
  1530  000048                     btemp:
  1531                           	opt callstack 0
  1532  000048                     	ds	1
  1533  0000                     int$flags	set	btemp
  1534  0000                     wtemp8	set	btemp+1
  1535  0000                     ttemp5	set	btemp+1
  1536  0000                     ttemp6	set	btemp+4
  1537  0000                     ttemp7	set	btemp+8
  1538                           tosu	equ	0xFFF
  1539                           tosh	equ	0xFFE
  1540                           tosl	equ	0xFFD
  1541                           stkptr	equ	0xFFC
  1542                           pclatu	equ	0xFFB
  1543                           pclath	equ	0xFFA
  1544                           pcl	equ	0xFF9
  1545                           tblptru	equ	0xFF8
  1546                           tblptrh	equ	0xFF7
  1547                           tblptrl	equ	0xFF6
  1548                           tablat	equ	0xFF5
  1549                           prodh	equ	0xFF4
  1550                           prodl	equ	0xFF3
  1551                           indf0	equ	0xFEF
  1552                           postinc0	equ	0xFEE
  1553                           postdec0	equ	0xFED
  1554                           preinc0	equ	0xFEC
  1555                           plusw0	equ	0xFEB
  1556                           fsr0h	equ	0xFEA
  1557                           fsr0l	equ	0xFE9
  1558                           wreg	equ	0xFE8
  1559                           indf1	equ	0xFE7
  1560                           postinc1	equ	0xFE6
  1561                           postdec1	equ	0xFE5
  1562                           preinc1	equ	0xFE4
  1563                           plusw1	equ	0xFE3
  1564                           fsr1h	equ	0xFE2
  1565                           fsr1l	equ	0xFE1
  1566                           bsr	equ	0xFE0
  1567                           indf2	equ	0xFDF
  1568                           postinc2	equ	0xFDE
  1569                           postdec2	equ	0xFDD
  1570                           preinc2	equ	0xFDC
  1571                           plusw2	equ	0xFDB
  1572                           fsr2h	equ	0xFDA
  1573                           fsr2l	equ	0xFD9
  1574                           status	equ	0xFD8


Data Sizes:
    Strings     29
    Constant    0
    Data        32
    BSS         2
    Persistent  0
    Stack       0

Auto Spaces:
    Space          Size  Autos    Used
    COMRAM          126     37      71
    BANK0           128      0       0
    BANK1           256      0       0
    BANK2           256      0       0
    BANK3           256      0       0
    BANK4           256      0       0
    BANK5           256      0       0

Pointer List with Targets:

    lcd_puts@s	PTR const unsigned char  size(2) Largest target is 16
		 -> STR_4(CODE[5]), STR_3(CODE[7]), STR_2(CODE[9]), aluno.nome(COMRAM[10]), 
		 -> escreve@aluno(COMRAM[16]), STR_1(CODE[8]), 


Critical Paths under _main in COMRAM

    _main->_lcd_init
    _lcd_init->_lcd_clear
    _lcd_clear->_lcd_write

Critical Paths under _int1 in COMRAM

    _int1->_funcao
    _funcao->_escreve
    _escreve->_lcd_puts
    i2_lcd_clear->i2_lcd_write
    _lcd_puts->i2_lcd_write
    _lcd_goto->i2_lcd_write

Critical Paths under _main in BANK0

    None.

Critical Paths under _int1 in BANK0

    None.

Critical Paths under _main in BANK1

    None.

Critical Paths under _int1 in BANK1

    None.

Critical Paths under _main in BANK2

    None.

Critical Paths under _int1 in BANK2

    None.

Critical Paths under _main in BANK3

    None.

Critical Paths under _int1 in BANK3

    None.

Critical Paths under _main in BANK4

    None.

Critical Paths under _int1 in BANK4

    None.

Critical Paths under _main in BANK5

    None.

Critical Paths under _int1 in BANK5

    None.

Call Graph Tables:

 ---------------------------------------------------------------------------------
 (Depth) Function   	        Calls       Base Space   Used Autos Params    Refs
 ---------------------------------------------------------------------------------
 (0) _main                                                 1     1      0      45
                                             36 COMRAM     1     1      0
                             _config
                           _lcd_init
 ---------------------------------------------------------------------------------
 (1) _lcd_init                                             2     2      0      45
                                             34 COMRAM     2     2      0
                          _lcd_clear
                          _lcd_write
 ---------------------------------------------------------------------------------
 (2) _lcd_clear                                            1     1      0      15
                                             33 COMRAM     1     1      0
                          _lcd_write
 ---------------------------------------------------------------------------------
 (2) _lcd_write                                            1     1      0      15
                                             32 COMRAM     1     1      0
 ---------------------------------------------------------------------------------
 (1) _config                                               0     0      0       0
 ---------------------------------------------------------------------------------
 Estimated maximum stack depth 2
 ---------------------------------------------------------------------------------
 (Depth) Function   	        Calls       Base Space   Used Autos Params    Refs
 ---------------------------------------------------------------------------------
 (4) _int1                                                10    10      0     712
                                             22 COMRAM    10    10      0
                             _funcao
 ---------------------------------------------------------------------------------
 (5) _funcao                                               1     1      0     712
                                             21 COMRAM     1     1      0
                              _envia
                            _escreve
 ---------------------------------------------------------------------------------
 (6) _escreve                                             18     2     16     712
                                              3 COMRAM    18     2     16
                           _lcd_goto
                           _lcd_puts
                        i2_lcd_clear
 ---------------------------------------------------------------------------------
 (7) i2_lcd_clear                                          1     1      0      22
                                              1 COMRAM     1     1      0
                        i2_lcd_write
 ---------------------------------------------------------------------------------
 (7) _lcd_puts                                             2     0      2     447
                                              1 COMRAM     2     0      2
                        i2_lcd_write
 ---------------------------------------------------------------------------------
 (7) _lcd_goto                                             1     1      0      44
                                              1 COMRAM     1     1      0
                        i2_lcd_write
 ---------------------------------------------------------------------------------
 (8) i2_lcd_write                                          1     1      0      22
                                              0 COMRAM     1     1      0
 ---------------------------------------------------------------------------------
 (6) _envia                                                0     0      0       0
 ---------------------------------------------------------------------------------
 Estimated maximum stack depth 8
 ---------------------------------------------------------------------------------

 Call Graph Graphs:

 _main (ROOT)
   _config
   _lcd_init
     _lcd_clear
       _lcd_write
     _lcd_write

 _int1 (ROOT)
   _funcao
     _envia
     _escreve
       _lcd_goto
         i2_lcd_write
       _lcd_puts
         i2_lcd_write
       i2_lcd_clear
         i2_lcd_write

 Address spaces:
Name               Size   Autos  Total    Cost      Usage
BIGRAM             5FF      0       0      17        0.0%
EEDATA             100      0       0       0        0.0%
BITBANK5           100      0       0      16        0.0%
BANK5              100      0       0      14        0.0%
BITBANK4           100      0       0      12        0.0%
BANK4              100      0       0      13        0.0%
BITBANK3           100      0       0      10        0.0%
BANK3              100      0       0      11        0.0%
BITBANK2           100      0       0       8        0.0%
BANK2              100      0       0       9        0.0%
BITBANK1           100      0       0       6        0.0%
BANK1              100      0       0       7        0.0%
BITBANK0            80      0       0       4        0.0%
BANK0               80      0       0       5        0.0%
BITCOMRAM           7E      0       0       0        0.0%
COMRAM              7E     25      47       1       56.3%
BITSFR               0      0       0     200        0.0%
SFR                  0      0       0     200        0.0%
STACK                0      0       0       2        0.0%
NULL                 0      0       0       0        0.0%
ABS                  0      0      47      15        0.0%
DATA                 0      0      47       3        0.0%
CODE                 0      0       0       0        0.0%


Microchip Technology PIC18 Macro Assembler V2.10 build 88905656 
Symbol Table                                                                                   Fri Nov 29 08:18:35 2019

                     l11 0A98                       l14 0A6C                       l29 095E  
            __CFG_BORV$3 000000             __CFG_CP0$OFF 000000             __CFG_CP1$OFF 000000  
           __CFG_CP2$OFF 000000             __CFG_CP3$OFF 000000                      l102 0A02  
                    l114 0854                      l116 0834                      l118 0842  
                    l119 0868                      l901 0910                      l911 092A  
                    l903 0914                      l841 0A94                      l921 0944  
                    l913 092C                      l905 0916                      l843 0A96  
                    l931 095A                      l923 0946                      l915 0934  
                    l907 0918                      l941 09FE                      l933 09C0  
                    l837 0A88                      l925 0948                      l917 0936  
                    l909 0928                      l943 0A00                      l935 09C8  
                    l839 0A90                      l863 0A56                      l927 094E  
                    l919 0938                      l937 09D6                      l865 0A58  
                    l929 0954                      _LE0 007C68                      l939 09FC  
                    l867 0A5E                      _LE1 007C69                      l893 08FE  
                    l981 07FC                      l895 08FE                      l991 0826  
                    l983 0800                      l897 0900                      l985 0804  
                    l899 0902                      l995 0862                      l987 0808  
                    l979 07F4                      l997 0876                      l989 0816  
           __CFG_CPB$OFF 000000                      u200 0876                      u201 0872  
                    u140 0816                      u141 0812                      u150 0834  
                    u151 0830                      u160 0842                      u161 083E  
                    u170 0852                      u171 084C                      u190 0862  
                    u191 085E                      u185 0854             __CFG_CPD$OFF 000000  
                    u437 081C                      u447 0908                      u457 091E  
                    u467 092E                      u477 093A                      u487 0A64  
                    u497 0A8A                      _aux 0046              lcd_goto@pos 0002  
                    wreg 000FE8             __CFG_LVP$OFF 000000             __CFG_WDT$OFF 000000  
                   STR_1 060A                     STR_2 0601                     STR_3 0612  
                   STR_4 0619                     _IPEN 007E87                     i2l11 0AAC  
                   i2l20 09BE                     i2l14 0A84                     i2l26 0ACE  
                   _TXIF 007CF4                     _int1 0008                     _main 07F4  
                   fsr0h 000FEA                     indf0 000FEF                     fsr2h 000FDA  
                   fsr0l 000FE9                     fsr1l 000FE1                     fsr2l 000FD9  
                   btemp 0048                     start 000E            __CFG_IESO$OFF 000000  
          __CFG_MCLRE$ON 000000             ___param_bank 000000              i2_lcd_clear 0A6E  
                  ?_int1 0001                    ?_main 0001              i2_lcd_write 0A9A  
                  _T0CON 000FD5                    _LATA5 007C4D                    i2l130 07D0  
                  i2l133 06A4                    i2l150 0AAE                    i2l142 0724  
                  i2l152 0ABC                    i2l153 0AC0                    i2l147 08FC  
                  i2l891 0AAE                    _RCSTA 000FAB                    _SPBRG 000FAF  
                  _PORTB 000F81                    _PORTD 000F83                    _PORTE 000F84  
                  _TRISA 000F92                    _TRISB 000F93                    _TRISC 000F94  
                  _TRISD 000F95                    _TRISE 000F96                    _TXREG 000FAD  
                  _TXSTA 000FAC            __CFG_PWRT$OFF 000000            __CFG_WRT0$OFF 000000  
          __CFG_WRT1$OFF 000000            __CFG_WRT2$OFF 000000            __CFG_WRT3$OFF 000000  
         __CFG_EBTR0$OFF 000000           __CFG_FCMEN$OFF 000000           __CFG_EBTR1$OFF 000000  
         __CFG_EBTR2$OFF 000000           __CFG_EBTR3$OFF 000000            __CFG_WRTB$OFF 000000  
          __CFG_WRTC$OFF 000000            __CFG_WRTD$OFF 000000           __CFG_EBTRB$OFF 000000  
        __end_of_escreve 08FE                    _envia 0AAE                    tablat 000FF5  
                  plusw0 000FEB                    plusw2 000FDB                    ttemp5 0049  
                  ttemp6 004C                    ttemp7 0050                    status 000FD8  
                  wtemp8 0049          __initialization 0A04             __end_of_int1 07F4  
           __end_of_main 0880                   ??_int1 0017                   ??_main 0025  
          __activetblptr 000002                   _ADCON0 000FC2                   _ADCON1 000FC1  
                 _ADCON2 000FC0                   ?_envia 0001                   _INT1IE 007F83  
                 _INT1IF 007F80                   _INT1IP 007F86                   i2l1011 0A9C  
                 i2l1013 0AA4                   i2l1021 0966                   i2l1015 0AA8  
                 i2l1023 098A                   i2l1031 0A6E                   i2l1017 0AAA  
                 i2l1025 098E                   i2l1033 0A70                   i2l1041 088A  
                 i2l1027 0AC4                   i2l1019 0960                   i2l1035 0A76  
                 i2l1051 08C6                   i2l1043 0896                   i2l1029 0AC6  
                 i2l1053 08D6                   i2l1045 08A2                   i2l1037 0880  
                 i2l1061 062E                   i2l1055 08E2                   i2l1047 08A8  
                 i2l1039 0884                   i2l1071 0686                   i2l1063 063E  
                 i2l1057 08F8                   i2l1049 08B4                   i2l1081 06E8  
                 i2l1073 069C                   i2l1065 0650                   i2l1083 06FA  
                 i2l1075 06B2                   i2l1067 0664                   i2l1059 0620  
                 i2l1091 0756                   i2l1085 070A                   i2l1077 06C2  
                 i2l1069 0676                   i2l1093 076C                   i2l1079 06D4  
                 i2l1095 0790                   i2l1097 07CA                   i2l1089 0748  
                 i2l1099 07CC                   _INTCON 000FF2                   _OSCCON 000FD3  
                 i2u5_40 0ABC                   i2u5_41 0AB8           __CFG_XINST$OFF 000000  
       __end_of_lcd_init 0960         __end_of_lcd_goto 0AD0         __end_of_lcd_puts 09C0  
         __CFG_STVREN$ON 000000                   _aluno1 0036                   _aluno2 0026  
                 _config 09C0                   _funcao 0620                ??_escreve 0014  
           __pdataCOMRAM 0026             __mediumconst 0000                   tblptrh 000FF7  
                 tblptrl 000FF6                   tblptru 000FF8             escreve@aluno 0004  
             __accesstop 0080  __end_of__initialization 0A28          __CFG_PBADEN$OFF 000000  
          ___rparam_used 000001           __pcstackCOMRAM 0001            __end_of_envia 0AC2  
     __size_of_lcd_clear 0018                  ??_envia 0001       __size_of_lcd_write 0014  
           i2lcd_write@c 0001                  ?_config 0001                  ?_funcao 0001  
                _BAUDCON 000FB8             ?i2_lcd_clear 0001             ?i2_lcd_write 0001  
                i2u30_40 062E                  i2u30_41 062A                  i2u31_40 0650  
                i2u31_41 064C                  i2u32_40 0676                  i2u32_41 0672  
                i2u41_40 07B8                  i2u40_48 0780                  i2u33_41 0690  
                i2u41_41 07B0                  i2u26_40 0986                  i2u34_40 06B2  
                i2u34_41 06AE                  i2u26_47 097C                  i2u50_47 0760  
                i2u27_40 09AE                  i2u35_40 06D4                  i2u42_48 07BA  
                i2u35_41 06D0                  i2u27_47 09A4                  i2u51_47 079A  
                i2u28_40 09BE                  i2u36_40 06FA                  i2u28_41 09BA  
                i2u36_41 06F6                  i2u52_47 0634                  i2u29_40 08C6  
                i2u29_41 08C2                  i2u37_41 0714                  i2u53_47 06B8  
                i2u38_40 0756                  i2u38_41 0752                  i2u54_47 08EC  
                i2u39_40 077E                  i2u39_41 0776                  i2u55_47 0A7C  
                i2u56_47 0A9E                ?_lcd_init 0001                ?_lcd_goto 0001  
              ?_lcd_puts 0002                  __Hparam 0000                  __Lparam 0000  
      __end_of_lcd_clear 0A6E        __end_of_lcd_write 0A9A             __psmallconst 0600  
        __size_of_config 0044                  __pcinit 0A04          __size_of_funcao 0106  
                __ramtop 0600                  __ptext0 07F4                  __ptext1 08FE  
                __ptext2 0A56                  __ptext3 0A86                  __ptext4 09C0  
                __ptext6 0620                  __ptext7 0880                  __ptext8 0A6E  
                __ptext9 0960                  _escreve 0880               ??_lcd_init 0023  
             ??_lcd_goto 0002           __pintcode_body 0726               ??_lcd_puts 0004  
   end_of_initialization 0A28            __Lmediumconst 0000                  int_func 0726  
                postdec1 000FE5                  postinc0 000FEE                _PORTBbits 000F81  
              _PORTCbits 000F82               lcd_write@c 0021            __pidataCOMRAM 0A36  
         __end_of_config 0A04           __end_of_funcao 0726     __size_ofi2_lcd_clear 0018  
    start_initialization 0A04     __size_ofi2_lcd_write 0014         __CFG_OSC$INTIO67 000000  
               ??_config 0021         __CFG_LPT1OSC$OFF 000000                 ??_funcao 0016  
            __pbssCOMRAM 0046        __size_of_lcd_init 0062        __size_of_lcd_goto 000E  
      __size_of_lcd_puts 0060        __CFG_CCP2MX$PORTC 000000                __pintcode 0008  
              _lcd_clear 0A56                _lcd_write 0A86                 ?_escreve 0004  
            __smallconst 0600           __size_of_envia 0014         __CFG_WDTPS$32768 000000  
             ?_lcd_clear 0001               ?_lcd_write 0001                lcd_puts@s 0002  
              copy_data0 0A18                 __Hrparam 0000                 __Lrparam 0000  
     __CFG_BOREN$SBORDIS 000000         __size_of_escreve 007E                 __ptext10 0AC2  
               __ptext11 0A9A                 __ptext12 0AAE                 _lcd_init 08FE  
               _lcd_goto 0AC2                 _lcd_puts 0960            __size_of_int1 07EC  
          __size_of_main 008C                 int$flags 0048            ??i2_lcd_clear 0002  
            ??_lcd_clear 0022            ??i2_lcd_write 0001              ??_lcd_write 0021  
               intlevel2 0000      __end_ofi2_lcd_clear 0A86      __end_ofi2_lcd_write 0AAE  
